Exporter version: 3.3.1, Blender version: 3.6.2
========= Conversion from Blender to Babylon.js =========
	Scene settings used :
		Inline textures     :  false
		Material Type       :  STD
		Positions Precision :  4
		Normals Precision   :  3
		UVs Precision       :  3
		Vert Color Precision:  3
		Mat Weight Precision:  2
		Keep Z-up r-handed  :  no
		Texture directory   :  C:\Users\Asus\Desktop\Progetto Interactive Graphics\assets\Moonlight_Sword\
	Python World class constructor completed
	WARNING: No active camera has been assigned, or is not in a currently enabled collection
	processing begun of mesh:  mesh0
		processing begun of material:  AM_A_1000_0
		processing begun of material:  AM_A_1000_1
		processing begun of material:  AM_A_1000_2
			processing texture WP_A_0258_n
			processing texture WP_A_0258
			processing texture WP_A_0258_s
			processing texture WP_A_0258_n
			processing texture WP_A_0258
			processing texture WP_A_0258_s
			processing texture WP_A_0258_n
			processing texture WP_A_0258
			processing texture WP_A_0258_s
		processing begun of multimaterial:  moonlight_sword.Multimaterial#0
		Custom split normals with tangents being used
		num positions      :  694
		num normals        :  694
		num tangents       :  2776
		num uvs            :  1388
		num uvs2           :  0
		num colors         :  0
		num triangles      :  564
========= Writing of JSON file started =========
	writing mesh:  mesh0
========= Writing of JSON file completed =========
========= end of processing =========
elapsed time:  0 min, 0.079 secs
