Exporter version: 3.3.1, Blender version: 3.6.2
========= Conversion from Blender to Babylon.js =========
	Scene settings used :
		Inline textures     :  false
		Material Type       :  STD
		Positions Precision :  4
		Normals Precision   :  3
		UVs Precision       :  3
		Vert Color Precision:  3
		Mat Weight Precision:  2
		Keep Z-up r-handed  :  no
		Texture directory   :  C:\Users\Asus\Desktop\Progetto Interactive Graphics\assets\FFX_Chest\
	Python World class constructor completed
	WARNING: No active camera has been assigned, or is not in a currently enabled collection
	processing begun of mesh:  treasure_chest
		processing begun of material:  Material__25
			processing texture treasure
		Custom split normals with tangents being used
		num positions      :  429
		num normals        :  429
		num tangents       :  1716
		num uvs            :  858
		num uvs2           :  0
		num colors         :  0
		num triangles      :  240
========= Writing of JSON file started =========
	writing mesh:  treasure_chest
========= Writing of JSON file completed =========
========= end of processing =========
elapsed time:  0 min, 0.0484 secs
